  Programmers.cpp
C:\Users\MOK\Programing\Algorithm\Algorithm\Algorithm\Programmers.cpp(79,25): warning C4267: '초기화 중': 'size_t'에서 'int'(으)로 변환하면서 데이터가 손실될 수 있습니다.
C:\Users\MOK\Programing\Algorithm\Algorithm\Algorithm\Programmers.cpp(433,10): warning C4067: 전처리기 지시문 다음에 예기치 않은 토큰이 있습니다. 줄 바꿈 문자가 필요합니다.
C:\Users\MOK\Programing\Algorithm\Algorithm\Algorithm\Programmers.cpp(926,59): warning C4267: '초기화 중': 'size_t'에서 'int'(으)로 변환하면서 데이터가 손실될 수 있습니다.
C:\Users\MOK\Programing\Algorithm\Algorithm\Algorithm\Programmers.cpp(1141,14): warning C4101: 'State' :참조되지 않은 지역 변수입니다.
C:\Users\MOK\Programing\Algorithm\Algorithm\Algorithm\Programmers.cpp(1328,15): warning C4244: '초기화 중': 'double'에서 '__int64'(으)로 변환하면서 데이터가 손실될 수 있습니다.
C:\Users\MOK\Programing\Algorithm\Algorithm\Algorithm\Programmers.cpp(1329,16): warning C4244: '초기화 중': 'double'에서 '__int64'(으)로 변환하면서 데이터가 손실될 수 있습니다.
C:\Users\MOK\Programing\Algorithm\Algorithm\Algorithm\Programmers.cpp(1404,28): warning C4267: '+=': 'size_t'에서 '_Ty'(으)로 변환하면서 데이터가 손실될 수 있습니다.
          with
          [
              _Ty=int
          ]
C:\Users\MOK\Programing\Algorithm\Algorithm\Algorithm\Programmers.cpp(1406,26): warning C4267: '초기화 중': 'size_t'에서 'int'(으)로 변환하면서 데이터가 손실될 수 있습니다.
C:\Users\MOK\Programing\Algorithm\Algorithm\Algorithm\Programmers.cpp(1605,9): warning C4244: 'return': '__int64'에서 'int'(으)로 변환하면서 데이터가 손실될 수 있습니다.
C:\Users\MOK\Programing\Algorithm\Algorithm\Algorithm\Programmers.cpp(1650,5): warning C4267: '초기화 중': 'size_t'에서 'int'(으)로 변환하면서 데이터가 손실될 수 있습니다.
C:\Users\MOK\Programing\Algorithm\Algorithm\Algorithm\Programmers.cpp(1828,40): warning C4267: '초기화 중': 'size_t'에서 'int'(으)로 변환하면서 데이터가 손실될 수 있습니다.
C:\Users\MOK\Programing\Algorithm\Algorithm\Algorithm\Programmers.cpp(1998,2): warning C4267: '초기화 중': 'size_t'에서 'int'(으)로 변환하면서 데이터가 손실될 수 있습니다.
C:\Users\MOK\Programing\Algorithm\Algorithm\Algorithm\Programmers.cpp(2013,2): warning C4267: '초기화 중': 'size_t'에서 'int'(으)로 변환하면서 데이터가 손실될 수 있습니다.
C:\Users\MOK\Programing\Algorithm\Algorithm\Algorithm\Programmers.cpp(2088,3): warning C4267: '초기화 중': 'size_t'에서 'int'(으)로 변환하면서 데이터가 손실될 수 있습니다.
C:\Users\MOK\Programing\Algorithm\Algorithm\Algorithm\Programmers.cpp(2110,49): warning C4834: 'nodiscard' 특성이 포함된 함수의 반환 값을 버리는 중
C:\Users\MOK\Programing\Algorithm\Algorithm\Algorithm\Programmers.cpp(2111,56): warning C4244: '=': 'double'에서 '_Ty'(으)로 변환하면서 데이터가 손실될 수 있습니다.
          with
          [
              _Ty=int
          ]
C:\Users\MOK\Programing\Algorithm\Algorithm\Algorithm\Programmers.cpp(2112,56): warning C4244: '=': 'double'에서 '_Ty'(으)로 변환하면서 데이터가 손실될 수 있습니다.
          with
          [
              _Ty=int
          ]
C:\Users\MOK\Programing\Algorithm\Algorithm\Algorithm\Programmers.cpp(2201,18): warning C4244: '+=': 'double'에서 '__int64'(으)로 변환하면서 데이터가 손실될 수 있습니다.
C:\Users\MOK\Programing\Algorithm\Algorithm\Algorithm\Programmers.cpp(1335): warning C4715: 'BlockCalculate::OneBlockCalculate': 모든 제어 경로에서 값을 반환하지는 않습니다.
  Algorithm.vcxproj -> C:\Users\MOK\Programing\Algorithm\Algorithm\x64\Debug\Algorithm.exe
